<?xml version="1.0" encoding="UTF-8"?>
<testsuites name="Mocha Tests" time="32.6040" tests="1" failures="1">
  <testsuite name="Root Suite" timestamp="2022-09-13T20:16:08" tests="0" file="cypress\e2e\TestCases\testCase1.cy.js" time="0.0000" failures="0">
  </testsuite>
  <testsuite name="Assertions" timestamp="2022-09-13T20:16:08" tests="0" time="0.0000" failures="0">
  </testsuite>
  <testsuite name="loginVisitAdmin" timestamp="2022-09-13T20:16:08" tests="1" time="32.6040" failures="1">
    <testcase name="Assertions loginVisitAdmin &quot;before each&quot; hook for &quot;.should() - make an assertion about the current subject&quot;" time="32.6040" classname="&quot;before each&quot; hook for &quot;.should() - make an assertion about the current subject&quot;">
      <failure message="Timed out retrying after 30000ms: expected &apos;https://automation.staging.iam2secz.com/&apos; to include &apos;/neprofile_dashboard&apos;

Because this error occurred during a `before each` hook we are skipping the remaining tests in the current suite: `Assertions`" type="AssertionError"><![CDATA[AssertionError: Timed out retrying after 30000ms: expected 'https://automation.staging.iam2secz.com/' to include '/neprofile_dashboard'

Because this error occurred during a `before each` hook we are skipping the remaining tests in the current suite: `Assertions`
    at Context.eval (webpack:///./cypress/e2e/TestCases/testCase1.cy.js:18:13)]]></failure>
    </testcase>
  </testsuite>
</testsuites>